2016/03/10 00:36:40 [error] [exception.CHttpException.404] CHttpException: No es posible resolver la solicitud "js/jquery.min.map" in /Users/Maritza/Sitios/Matricula-Online/framework/web/CWebApplication.php:286
Stack trace:
#0 /Users/Maritza/Sitios/Matricula-Online/framework/web/CWebApplication.php(141): CWebApplication->runController('js/jquery.min.m...')
#1 /Users/Maritza/Sitios/Matricula-Online/framework/base/CApplication.php(185): CWebApplication->processRequest()
#2 /Users/Maritza/Sitios/Matricula-Online/matricula/index.php(13): CApplication->run()
#3 {main}
REQUEST_URI=/Matricula-Online/matricula/js/jquery.min.map
---
2016/03/10 00:57:20 [error] [exception.CHttpException.404] CHttpException: No es posible resolver la solicitud "js/jquery.min.map" in /Users/Maritza/Sitios/Matricula-Online/framework/web/CWebApplication.php:286
Stack trace:
#0 /Users/Maritza/Sitios/Matricula-Online/framework/web/CWebApplication.php(141): CWebApplication->runController('js/jquery.min.m...')
#1 /Users/Maritza/Sitios/Matricula-Online/framework/base/CApplication.php(185): CWebApplication->processRequest()
#2 /Users/Maritza/Sitios/Matricula-Online/matricula/index.php(13): CApplication->run()
#3 {main}
REQUEST_URI=/Matricula-Online/matricula/js/jquery.min.map
---
2016/03/10 00:57:39 [error] [exception.CHttpException.404] CHttpException: No es posible resolver la solicitud "js/jquery.min.map" in /Users/Maritza/Sitios/Matricula-Online/framework/web/CWebApplication.php:286
Stack trace:
#0 /Users/Maritza/Sitios/Matricula-Online/framework/web/CWebApplication.php(141): CWebApplication->runController('js/jquery.min.m...')
#1 /Users/Maritza/Sitios/Matricula-Online/framework/base/CApplication.php(185): CWebApplication->processRequest()
#2 /Users/Maritza/Sitios/Matricula-Online/matricula/index.php(13): CApplication->run()
#3 {main}
REQUEST_URI=/Matricula-Online/matricula/js/jquery.min.map
---
2016/03/10 01:00:32 [error] [exception.CHttpException.404] CHttpException: No es posible resolver la solicitud "js/jquery.min.map" in /Users/Maritza/Sitios/Matricula-Online/framework/web/CWebApplication.php:286
Stack trace:
#0 /Users/Maritza/Sitios/Matricula-Online/framework/web/CWebApplication.php(141): CWebApplication->runController('js/jquery.min.m...')
#1 /Users/Maritza/Sitios/Matricula-Online/framework/base/CApplication.php(185): CWebApplication->processRequest()
#2 /Users/Maritza/Sitios/Matricula-Online/matricula/index.php(13): CApplication->run()
#3 {main}
REQUEST_URI=/Matricula-Online/matricula/js/jquery.min.map
---
2016/03/10 01:02:36 [error] [exception.CHttpException.404] CHttpException: No es posible resolver la solicitud "js/jquery.min.map" in /Users/Maritza/Sitios/Matricula-Online/framework/web/CWebApplication.php:286
Stack trace:
#0 /Users/Maritza/Sitios/Matricula-Online/framework/web/CWebApplication.php(141): CWebApplication->runController('js/jquery.min.m...')
#1 /Users/Maritza/Sitios/Matricula-Online/framework/base/CApplication.php(185): CWebApplication->processRequest()
#2 /Users/Maritza/Sitios/Matricula-Online/matricula/index.php(13): CApplication->run()
#3 {main}
REQUEST_URI=/Matricula-Online/matricula/js/jquery.min.map
---
2016/03/10 01:03:24 [error] [exception.CHttpException.404] CHttpException: No es posible resolver la solicitud "js/jquery.min.map" in /Users/Maritza/Sitios/Matricula-Online/framework/web/CWebApplication.php:286
Stack trace:
#0 /Users/Maritza/Sitios/Matricula-Online/framework/web/CWebApplication.php(141): CWebApplication->runController('js/jquery.min.m...')
#1 /Users/Maritza/Sitios/Matricula-Online/framework/base/CApplication.php(185): CWebApplication->processRequest()
#2 /Users/Maritza/Sitios/Matricula-Online/matricula/index.php(13): CApplication->run()
#3 {main}
REQUEST_URI=/Matricula-Online/matricula/js/jquery.min.map
---
2016/03/10 01:03:27 [error] [exception.CHttpException.404] CHttpException: No es posible resolver la solicitud "js/jquery.min.map" in /Users/Maritza/Sitios/Matricula-Online/framework/web/CWebApplication.php:286
Stack trace:
#0 /Users/Maritza/Sitios/Matricula-Online/framework/web/CWebApplication.php(141): CWebApplication->runController('js/jquery.min.m...')
#1 /Users/Maritza/Sitios/Matricula-Online/framework/base/CApplication.php(185): CWebApplication->processRequest()
#2 /Users/Maritza/Sitios/Matricula-Online/matricula/index.php(13): CApplication->run()
#3 {main}
REQUEST_URI=/Matricula-Online/matricula/js/jquery.min.map
---
2016/03/10 01:04:55 [error] [exception.CHttpException.404] CHttpException: No es posible resolver la solicitud "js/jquery.min.map" in /Users/Maritza/Sitios/Matricula-Online/framework/web/CWebApplication.php:286
Stack trace:
#0 /Users/Maritza/Sitios/Matricula-Online/framework/web/CWebApplication.php(141): CWebApplication->runController('js/jquery.min.m...')
#1 /Users/Maritza/Sitios/Matricula-Online/framework/base/CApplication.php(185): CWebApplication->processRequest()
#2 /Users/Maritza/Sitios/Matricula-Online/matricula/index.php(13): CApplication->run()
#3 {main}
REQUEST_URI=/Matricula-Online/matricula/js/jquery.min.map
---
2016/03/10 01:05:09 [error] [exception.CHttpException.404] CHttpException: No es posible resolver la solicitud "js/jquery.min.map" in /Users/Maritza/Sitios/Matricula-Online/framework/web/CWebApplication.php:286
Stack trace:
#0 /Users/Maritza/Sitios/Matricula-Online/framework/web/CWebApplication.php(141): CWebApplication->runController('js/jquery.min.m...')
#1 /Users/Maritza/Sitios/Matricula-Online/framework/base/CApplication.php(185): CWebApplication->processRequest()
#2 /Users/Maritza/Sitios/Matricula-Online/matricula/index.php(13): CApplication->run()
#3 {main}
REQUEST_URI=/Matricula-Online/matricula/js/jquery.min.map
---
2016/03/10 01:05:16 [error] [exception.CHttpException.404] CHttpException: No es posible resolver la solicitud "js/jquery.min.map" in /Users/Maritza/Sitios/Matricula-Online/framework/web/CWebApplication.php:286
Stack trace:
#0 /Users/Maritza/Sitios/Matricula-Online/framework/web/CWebApplication.php(141): CWebApplication->runController('js/jquery.min.m...')
#1 /Users/Maritza/Sitios/Matricula-Online/framework/base/CApplication.php(185): CWebApplication->processRequest()
#2 /Users/Maritza/Sitios/Matricula-Online/matricula/index.php(13): CApplication->run()
#3 {main}
REQUEST_URI=/Matricula-Online/matricula/js/jquery.min.map
---
2016/03/10 01:05:31 [error] [exception.CHttpException.404] CHttpException: No es posible resolver la solicitud "js/jquery.min.map" in /Users/Maritza/Sitios/Matricula-Online/framework/web/CWebApplication.php:286
Stack trace:
#0 /Users/Maritza/Sitios/Matricula-Online/framework/web/CWebApplication.php(141): CWebApplication->runController('js/jquery.min.m...')
#1 /Users/Maritza/Sitios/Matricula-Online/framework/base/CApplication.php(185): CWebApplication->processRequest()
#2 /Users/Maritza/Sitios/Matricula-Online/matricula/index.php(13): CApplication->run()
#3 {main}
REQUEST_URI=/Matricula-Online/matricula/js/jquery.min.map
---
2016/03/10 01:05:34 [error] [exception.CHttpException.404] CHttpException: No es posible resolver la solicitud "js/jquery.min.map" in /Users/Maritza/Sitios/Matricula-Online/framework/web/CWebApplication.php:286
Stack trace:
#0 /Users/Maritza/Sitios/Matricula-Online/framework/web/CWebApplication.php(141): CWebApplication->runController('js/jquery.min.m...')
#1 /Users/Maritza/Sitios/Matricula-Online/framework/base/CApplication.php(185): CWebApplication->processRequest()
#2 /Users/Maritza/Sitios/Matricula-Online/matricula/index.php(13): CApplication->run()
#3 {main}
REQUEST_URI=/Matricula-Online/matricula/js/jquery.min.map
---
2016/03/10 01:05:41 [error] [exception.CHttpException.404] CHttpException: No es posible resolver la solicitud "js/jquery.min.map" in /Users/Maritza/Sitios/Matricula-Online/framework/web/CWebApplication.php:286
Stack trace:
#0 /Users/Maritza/Sitios/Matricula-Online/framework/web/CWebApplication.php(141): CWebApplication->runController('js/jquery.min.m...')
#1 /Users/Maritza/Sitios/Matricula-Online/framework/base/CApplication.php(185): CWebApplication->processRequest()
#2 /Users/Maritza/Sitios/Matricula-Online/matricula/index.php(13): CApplication->run()
#3 {main}
REQUEST_URI=/Matricula-Online/matricula/js/jquery.min.map
---
2016/03/10 01:05:45 [error] [exception.CHttpException.404] CHttpException: No es posible resolver la solicitud "js/jquery.min.map" in /Users/Maritza/Sitios/Matricula-Online/framework/web/CWebApplication.php:286
Stack trace:
#0 /Users/Maritza/Sitios/Matricula-Online/framework/web/CWebApplication.php(141): CWebApplication->runController('js/jquery.min.m...')
#1 /Users/Maritza/Sitios/Matricula-Online/framework/base/CApplication.php(185): CWebApplication->processRequest()
#2 /Users/Maritza/Sitios/Matricula-Online/matricula/index.php(13): CApplication->run()
#3 {main}
REQUEST_URI=/Matricula-Online/matricula/js/jquery.min.map
---
2016/03/10 01:05:50 [error] [exception.CHttpException.404] CHttpException: No es posible resolver la solicitud "js/jquery.min.map" in /Users/Maritza/Sitios/Matricula-Online/framework/web/CWebApplication.php:286
Stack trace:
#0 /Users/Maritza/Sitios/Matricula-Online/framework/web/CWebApplication.php(141): CWebApplication->runController('js/jquery.min.m...')
#1 /Users/Maritza/Sitios/Matricula-Online/framework/base/CApplication.php(185): CWebApplication->processRequest()
#2 /Users/Maritza/Sitios/Matricula-Online/matricula/index.php(13): CApplication->run()
#3 {main}
REQUEST_URI=/Matricula-Online/matricula/js/jquery.min.map
---
2016/03/10 01:06:00 [error] [exception.CHttpException.404] CHttpException: No es posible resolver la solicitud "js/jquery.min.map" in /Users/Maritza/Sitios/Matricula-Online/framework/web/CWebApplication.php:286
Stack trace:
#0 /Users/Maritza/Sitios/Matricula-Online/framework/web/CWebApplication.php(141): CWebApplication->runController('js/jquery.min.m...')
#1 /Users/Maritza/Sitios/Matricula-Online/framework/base/CApplication.php(185): CWebApplication->processRequest()
#2 /Users/Maritza/Sitios/Matricula-Online/matricula/index.php(13): CApplication->run()
#3 {main}
REQUEST_URI=/Matricula-Online/matricula/js/jquery.min.map
---
2016/03/10 01:06:04 [error] [exception.CHttpException.404] CHttpException: No es posible resolver la solicitud "js/jquery.min.map" in /Users/Maritza/Sitios/Matricula-Online/framework/web/CWebApplication.php:286
Stack trace:
#0 /Users/Maritza/Sitios/Matricula-Online/framework/web/CWebApplication.php(141): CWebApplication->runController('js/jquery.min.m...')
#1 /Users/Maritza/Sitios/Matricula-Online/framework/base/CApplication.php(185): CWebApplication->processRequest()
#2 /Users/Maritza/Sitios/Matricula-Online/matricula/index.php(13): CApplication->run()
#3 {main}
REQUEST_URI=/Matricula-Online/matricula/js/jquery.min.map
---
2016/03/10 01:06:10 [error] [exception.CHttpException.404] CHttpException: No es posible resolver la solicitud "js/jquery.min.map" in /Users/Maritza/Sitios/Matricula-Online/framework/web/CWebApplication.php:286
Stack trace:
#0 /Users/Maritza/Sitios/Matricula-Online/framework/web/CWebApplication.php(141): CWebApplication->runController('js/jquery.min.m...')
#1 /Users/Maritza/Sitios/Matricula-Online/framework/base/CApplication.php(185): CWebApplication->processRequest()
#2 /Users/Maritza/Sitios/Matricula-Online/matricula/index.php(13): CApplication->run()
#3 {main}
REQUEST_URI=/Matricula-Online/matricula/js/jquery.min.map
---
2016/03/10 01:06:20 [error] [exception.CHttpException.404] CHttpException: No es posible resolver la solicitud "js/jquery.min.map" in /Users/Maritza/Sitios/Matricula-Online/framework/web/CWebApplication.php:286
Stack trace:
#0 /Users/Maritza/Sitios/Matricula-Online/framework/web/CWebApplication.php(141): CWebApplication->runController('js/jquery.min.m...')
#1 /Users/Maritza/Sitios/Matricula-Online/framework/base/CApplication.php(185): CWebApplication->processRequest()
#2 /Users/Maritza/Sitios/Matricula-Online/matricula/index.php(13): CApplication->run()
#3 {main}
REQUEST_URI=/Matricula-Online/matricula/js/jquery.min.map
---
2016/03/10 01:06:23 [error] [exception.CHttpException.404] CHttpException: No es posible resolver la solicitud "js/jquery.min.map" in /Users/Maritza/Sitios/Matricula-Online/framework/web/CWebApplication.php:286
Stack trace:
#0 /Users/Maritza/Sitios/Matricula-Online/framework/web/CWebApplication.php(141): CWebApplication->runController('js/jquery.min.m...')
#1 /Users/Maritza/Sitios/Matricula-Online/framework/base/CApplication.php(185): CWebApplication->processRequest()
#2 /Users/Maritza/Sitios/Matricula-Online/matricula/index.php(13): CApplication->run()
#3 {main}
REQUEST_URI=/Matricula-Online/matricula/js/jquery.min.map
---
2016/03/10 01:06:27 [error] [exception.CHttpException.404] CHttpException: No es posible resolver la solicitud "js/jquery.min.map" in /Users/Maritza/Sitios/Matricula-Online/framework/web/CWebApplication.php:286
Stack trace:
#0 /Users/Maritza/Sitios/Matricula-Online/framework/web/CWebApplication.php(141): CWebApplication->runController('js/jquery.min.m...')
#1 /Users/Maritza/Sitios/Matricula-Online/framework/base/CApplication.php(185): CWebApplication->processRequest()
#2 /Users/Maritza/Sitios/Matricula-Online/matricula/index.php(13): CApplication->run()
#3 {main}
REQUEST_URI=/Matricula-Online/matricula/js/jquery.min.map
---
2016/03/10 01:06:29 [error] [exception.CHttpException.404] CHttpException: No es posible resolver la solicitud "js/jquery.min.map" in /Users/Maritza/Sitios/Matricula-Online/framework/web/CWebApplication.php:286
Stack trace:
#0 /Users/Maritza/Sitios/Matricula-Online/framework/web/CWebApplication.php(141): CWebApplication->runController('js/jquery.min.m...')
#1 /Users/Maritza/Sitios/Matricula-Online/framework/base/CApplication.php(185): CWebApplication->processRequest()
#2 /Users/Maritza/Sitios/Matricula-Online/matricula/index.php(13): CApplication->run()
#3 {main}
REQUEST_URI=/Matricula-Online/matricula/js/jquery.min.map
---
2016/03/10 01:12:09 [error] [exception.CHttpException.404] CHttpException: No es posible resolver la solicitud "js/jquery.min.map" in /Users/Maritza/Sitios/Matricula-Online/framework/web/CWebApplication.php:286
Stack trace:
#0 /Users/Maritza/Sitios/Matricula-Online/framework/web/CWebApplication.php(141): CWebApplication->runController('js/jquery.min.m...')
#1 /Users/Maritza/Sitios/Matricula-Online/framework/base/CApplication.php(185): CWebApplication->processRequest()
#2 /Users/Maritza/Sitios/Matricula-Online/matricula/index.php(13): CApplication->run()
#3 {main}
REQUEST_URI=/Matricula-Online/matricula/js/jquery.min.map
---
2016/03/10 01:15:17 [error] [exception.CHttpException.404] CHttpException: No es posible resolver la solicitud "js/jquery.min.map" in /Users/Maritza/Sitios/Matricula-Online/framework/web/CWebApplication.php:286
Stack trace:
#0 /Users/Maritza/Sitios/Matricula-Online/framework/web/CWebApplication.php(141): CWebApplication->runController('js/jquery.min.m...')
#1 /Users/Maritza/Sitios/Matricula-Online/framework/base/CApplication.php(185): CWebApplication->processRequest()
#2 /Users/Maritza/Sitios/Matricula-Online/matricula/index.php(13): CApplication->run()
#3 {main}
REQUEST_URI=/Matricula-Online/matricula/js/jquery.min.map
---
2016/03/10 01:17:53 [error] [exception.CHttpException.404] CHttpException: No es posible resolver la solicitud "js/jquery.min.map" in /Users/Maritza/Sitios/Matricula-Online/framework/web/CWebApplication.php:286
Stack trace:
#0 /Users/Maritza/Sitios/Matricula-Online/framework/web/CWebApplication.php(141): CWebApplication->runController('js/jquery.min.m...')
#1 /Users/Maritza/Sitios/Matricula-Online/framework/base/CApplication.php(185): CWebApplication->processRequest()
#2 /Users/Maritza/Sitios/Matricula-Online/matricula/index.php(13): CApplication->run()
#3 {main}
REQUEST_URI=/Matricula-Online/matricula/js/jquery.min.map
---
2016/03/10 01:20:20 [error] [exception.CHttpException.404] CHttpException: No es posible resolver la solicitud "js/jquery.min.map" in /Users/Maritza/Sitios/Matricula-Online/framework/web/CWebApplication.php:286
Stack trace:
#0 /Users/Maritza/Sitios/Matricula-Online/framework/web/CWebApplication.php(141): CWebApplication->runController('js/jquery.min.m...')
#1 /Users/Maritza/Sitios/Matricula-Online/framework/base/CApplication.php(185): CWebApplication->processRequest()
#2 /Users/Maritza/Sitios/Matricula-Online/matricula/index.php(13): CApplication->run()
#3 {main}
REQUEST_URI=/Matricula-Online/matricula/js/jquery.min.map
---
2016/03/10 01:21:38 [error] [exception.CHttpException.404] CHttpException: No es posible resolver la solicitud "js/jquery.min.map" in /Users/Maritza/Sitios/Matricula-Online/framework/web/CWebApplication.php:286
Stack trace:
#0 /Users/Maritza/Sitios/Matricula-Online/framework/web/CWebApplication.php(141): CWebApplication->runController('js/jquery.min.m...')
#1 /Users/Maritza/Sitios/Matricula-Online/framework/base/CApplication.php(185): CWebApplication->processRequest()
#2 /Users/Maritza/Sitios/Matricula-Online/matricula/index.php(13): CApplication->run()
#3 {main}
REQUEST_URI=/Matricula-Online/matricula/js/jquery.min.map
---
2016/03/10 01:32:14 [error] [exception.CHttpException.404] CHttpException: No es posible resolver la solicitud "js/jquery.min.map" in /Users/Maritza/Sitios/Matricula-Online/framework/web/CWebApplication.php:286
Stack trace:
#0 /Users/Maritza/Sitios/Matricula-Online/framework/web/CWebApplication.php(141): CWebApplication->runController('js/jquery.min.m...')
#1 /Users/Maritza/Sitios/Matricula-Online/framework/base/CApplication.php(185): CWebApplication->processRequest()
#2 /Users/Maritza/Sitios/Matricula-Online/matricula/index.php(13): CApplication->run()
#3 {main}
REQUEST_URI=/Matricula-Online/matricula/js/jquery.min.map
---
2016/03/10 01:54:46 [error] [exception.CHttpException.404] CHttpException: No es posible resolver la solicitud "js/jquery.min.map" in /Users/Maritza/Sitios/Matricula-Online/framework/web/CWebApplication.php:286
Stack trace:
#0 /Users/Maritza/Sitios/Matricula-Online/framework/web/CWebApplication.php(141): CWebApplication->runController('js/jquery.min.m...')
#1 /Users/Maritza/Sitios/Matricula-Online/framework/base/CApplication.php(185): CWebApplication->processRequest()
#2 /Users/Maritza/Sitios/Matricula-Online/matricula/index.php(13): CApplication->run()
#3 {main}
REQUEST_URI=/Matricula-Online/matricula/js/jquery.min.map
---
2016/03/10 01:57:09 [error] [exception.CHttpException.404] CHttpException: No es posible resolver la solicitud "js/jquery.min.map" in /Users/Maritza/Sitios/Matricula-Online/framework/web/CWebApplication.php:286
Stack trace:
#0 /Users/Maritza/Sitios/Matricula-Online/framework/web/CWebApplication.php(141): CWebApplication->runController('js/jquery.min.m...')
#1 /Users/Maritza/Sitios/Matricula-Online/framework/base/CApplication.php(185): CWebApplication->processRequest()
#2 /Users/Maritza/Sitios/Matricula-Online/matricula/index.php(13): CApplication->run()
#3 {main}
REQUEST_URI=/Matricula-Online/matricula/js/jquery.min.map
---
2016/03/10 02:04:54 [error] [exception.CException] CException: La propiedad "CDetailView"."class" no se encuentra definida. in /Users/Maritza/Sitios/Matricula-Online/framework/base/CComponent.php:173
Stack trace:
#0 /Users/Maritza/Sitios/Matricula-Online/framework/web/CWidgetFactory.php(161): CComponent->__set('class', 'table table-str...')
#1 /Users/Maritza/Sitios/Matricula-Online/framework/web/CBaseController.php(146): CWidgetFactory->createWidget(Object(CarreraController), 'CDetailView', Array)
#2 /Users/Maritza/Sitios/Matricula-Online/framework/web/CBaseController.php(180): CBaseController->createWidget('zii.widgets.CDe...', Array)
#3 /Users/Maritza/Sitios/Matricula-Online/matricula/protected/views/carrera/view.php(22): CBaseController->widget('zii.widgets.CDe...', Array)
#4 /Users/Maritza/Sitios/Matricula-Online/framework/web/CBaseController.php(126): require('/Users/Maritza/...')
#5 /Users/Maritza/Sitios/Matricula-Online/framework/web/CBaseController.php(95): CBaseController->renderInternal('/Users/Maritza/...', Array, true)
#6 /Users/Maritza/Sitios/Matricula-Online/framework/web/CController.php(869): CBaseController->renderFile('/Users/Maritza/...', Array, true)
#7 /Users/Maritza/Sitios/Matricula-Online/framework/web/CController.php(782): CController->renderPartial('view', Array, true)
#8 /Users/Maritza/Sitios/Matricula-Online/matricula/protected/controllers/CarreraController.php(56): CController->render('view', Array)
#9 [internal function]: CarreraController->actionView('2')
#10 /Users/Maritza/Sitios/Matricula-Online/framework/web/actions/CAction.php(109): ReflectionMethod->invokeArgs(Object(CarreraController), Array)
#11 /Users/Maritza/Sitios/Matricula-Online/framework/web/actions/CInlineAction.php(47): CAction->runWithParamsInternal(Object(CarreraController), Object(ReflectionMethod), Array)
#12 /Users/Maritza/Sitios/Matricula-Online/framework/web/CController.php(308): CInlineAction->runWithParams(Array)
#13 /Users/Maritza/Sitios/Matricula-Online/framework/web/filters/CFilterChain.php(133): CController->runAction(Object(CInlineAction))
#14 /Users/Maritza/Sitios/Matricula-Online/framework/web/filters/CFilter.php(40): CFilterChain->run()
#15 /Users/Maritza/Sitios/Matricula-Online/framework/web/CController.php(1145): CFilter->filter(Object(CFilterChain))
#16 /Users/Maritza/Sitios/Matricula-Online/framework/web/filters/CInlineFilter.php(58): CController->filterAccessControl(Object(CFilterChain))
#17 /Users/Maritza/Sitios/Matricula-Online/framework/web/filters/CFilterChain.php(130): CInlineFilter->filter(Object(CFilterChain))
#18 /Users/Maritza/Sitios/Matricula-Online/framework/web/CController.php(291): CFilterChain->run()
#19 /Users/Maritza/Sitios/Matricula-Online/framework/web/CController.php(265): CController->runActionWithFilters(Object(CInlineAction), Array)
#20 /Users/Maritza/Sitios/Matricula-Online/framework/web/CWebApplication.php(282): CController->run('view')
#21 /Users/Maritza/Sitios/Matricula-Online/framework/web/CWebApplication.php(141): CWebApplication->runController('carrera/view')
#22 /Users/Maritza/Sitios/Matricula-Online/framework/base/CApplication.php(185): CWebApplication->processRequest()
#23 /Users/Maritza/Sitios/Matricula-Online/matricula/index.php(13): CApplication->run()
#24 {main}
REQUEST_URI=/Matricula-Online/matricula/carrera/2
HTTP_REFERER=http://localhost/Matricula-Online/matricula/carrera/index
---
2016/03/10 02:07:34 [error] [exception.CHttpException.404] CHttpException: No es posible resolver la solicitud "js/jquery.min.map" in /Users/Maritza/Sitios/Matricula-Online/framework/web/CWebApplication.php:286
Stack trace:
#0 /Users/Maritza/Sitios/Matricula-Online/framework/web/CWebApplication.php(141): CWebApplication->runController('js/jquery.min.m...')
#1 /Users/Maritza/Sitios/Matricula-Online/framework/base/CApplication.php(185): CWebApplication->processRequest()
#2 /Users/Maritza/Sitios/Matricula-Online/matricula/index.php(13): CApplication->run()
#3 {main}
REQUEST_URI=/Matricula-Online/matricula/js/jquery.min.map
---
2016/03/10 02:07:36 [error] [exception.CHttpException.404] CHttpException: No es posible resolver la solicitud "js/jquery.min.map" in /Users/Maritza/Sitios/Matricula-Online/framework/web/CWebApplication.php:286
Stack trace:
#0 /Users/Maritza/Sitios/Matricula-Online/framework/web/CWebApplication.php(141): CWebApplication->runController('js/jquery.min.m...')
#1 /Users/Maritza/Sitios/Matricula-Online/framework/base/CApplication.php(185): CWebApplication->processRequest()
#2 /Users/Maritza/Sitios/Matricula-Online/matricula/index.php(13): CApplication->run()
#3 {main}
REQUEST_URI=/Matricula-Online/matricula/js/jquery.min.map
---
2016/03/10 02:07:38 [error] [exception.CHttpException.404] CHttpException: No es posible resolver la solicitud "js/jquery.min.map" in /Users/Maritza/Sitios/Matricula-Online/framework/web/CWebApplication.php:286
Stack trace:
#0 /Users/Maritza/Sitios/Matricula-Online/framework/web/CWebApplication.php(141): CWebApplication->runController('js/jquery.min.m...')
#1 /Users/Maritza/Sitios/Matricula-Online/framework/base/CApplication.php(185): CWebApplication->processRequest()
#2 /Users/Maritza/Sitios/Matricula-Online/matricula/index.php(13): CApplication->run()
#3 {main}
REQUEST_URI=/Matricula-Online/matricula/js/jquery.min.map
---
2016/03/10 02:07:40 [error] [exception.CHttpException.404] CHttpException: No es posible resolver la solicitud "js/jquery.min.map" in /Users/Maritza/Sitios/Matricula-Online/framework/web/CWebApplication.php:286
Stack trace:
#0 /Users/Maritza/Sitios/Matricula-Online/framework/web/CWebApplication.php(141): CWebApplication->runController('js/jquery.min.m...')
#1 /Users/Maritza/Sitios/Matricula-Online/framework/base/CApplication.php(185): CWebApplication->processRequest()
#2 /Users/Maritza/Sitios/Matricula-Online/matricula/index.php(13): CApplication->run()
#3 {main}
REQUEST_URI=/Matricula-Online/matricula/js/jquery.min.map
---
2016/03/10 02:08:36 [error] [exception.ParseError] ParseError: syntax error, unexpected ';', expecting ',' or ')' in /Users/Maritza/Sitios/Matricula-Online/matricula/protected/views/carrera/view.php:31
Stack trace:
#0 /Users/Maritza/Sitios/Matricula-Online/framework/web/CBaseController.php(95): CBaseController->renderInternal('/Users/Maritza/...', Array, true)
#1 /Users/Maritza/Sitios/Matricula-Online/framework/web/CController.php(869): CBaseController->renderFile('/Users/Maritza/...', Array, true)
#2 /Users/Maritza/Sitios/Matricula-Online/framework/web/CController.php(782): CController->renderPartial('view', Array, true)
#3 /Users/Maritza/Sitios/Matricula-Online/matricula/protected/controllers/CarreraController.php(56): CController->render('view', Array)
#4 [internal function]: CarreraController->actionView('1')
#5 /Users/Maritza/Sitios/Matricula-Online/framework/web/actions/CAction.php(109): ReflectionMethod->invokeArgs(Object(CarreraController), Array)
#6 /Users/Maritza/Sitios/Matricula-Online/framework/web/actions/CInlineAction.php(47): CAction->runWithParamsInternal(Object(CarreraController), Object(ReflectionMethod), Array)
#7 /Users/Maritza/Sitios/Matricula-Online/framework/web/CController.php(308): CInlineAction->runWithParams(Array)
#8 /Users/Maritza/Sitios/Matricula-Online/framework/web/filters/CFilterChain.php(133): CController->runAction(Object(CInlineAction))
#9 /Users/Maritza/Sitios/Matricula-Online/framework/web/filters/CFilter.php(40): CFilterChain->run()
#10 /Users/Maritza/Sitios/Matricula-Online/framework/web/CController.php(1145): CFilter->filter(Object(CFilterChain))
#11 /Users/Maritza/Sitios/Matricula-Online/framework/web/filters/CInlineFilter.php(58): CController->filterAccessControl(Object(CFilterChain))
#12 /Users/Maritza/Sitios/Matricula-Online/framework/web/filters/CFilterChain.php(130): CInlineFilter->filter(Object(CFilterChain))
#13 /Users/Maritza/Sitios/Matricula-Online/framework/web/CController.php(291): CFilterChain->run()
#14 /Users/Maritza/Sitios/Matricula-Online/framework/web/CController.php(265): CController->runActionWithFilters(Object(CInlineAction), Array)
#15 /Users/Maritza/Sitios/Matricula-Online/framework/web/CWebApplication.php(282): CController->run('view')
#16 /Users/Maritza/Sitios/Matricula-Online/framework/web/CWebApplication.php(141): CWebApplication->runController('carrera/view')
#17 /Users/Maritza/Sitios/Matricula-Online/framework/base/CApplication.php(185): CWebApplication->processRequest()
#18 /Users/Maritza/Sitios/Matricula-Online/matricula/index.php(13): CApplication->run()
#19 {main}
REQUEST_URI=/Matricula-Online/matricula/carrera/1
HTTP_REFERER=http://localhost/Matricula-Online/matricula/carrera/index
---
2016/03/10 02:09:49 [error] [exception.CHttpException.404] CHttpException: No es posible resolver la solicitud "js/jquery.min.map" in /Users/Maritza/Sitios/Matricula-Online/framework/web/CWebApplication.php:286
Stack trace:
#0 /Users/Maritza/Sitios/Matricula-Online/framework/web/CWebApplication.php(141): CWebApplication->runController('js/jquery.min.m...')
#1 /Users/Maritza/Sitios/Matricula-Online/framework/base/CApplication.php(185): CWebApplication->processRequest()
#2 /Users/Maritza/Sitios/Matricula-Online/matricula/index.php(13): CApplication->run()
#3 {main}
REQUEST_URI=/Matricula-Online/matricula/js/jquery.min.map
---
2016/03/10 02:09:51 [error] [exception.CHttpException.404] CHttpException: No es posible resolver la solicitud "js/jquery.min.map" in /Users/Maritza/Sitios/Matricula-Online/framework/web/CWebApplication.php:286
Stack trace:
#0 /Users/Maritza/Sitios/Matricula-Online/framework/web/CWebApplication.php(141): CWebApplication->runController('js/jquery.min.m...')
#1 /Users/Maritza/Sitios/Matricula-Online/framework/base/CApplication.php(185): CWebApplication->processRequest()
#2 /Users/Maritza/Sitios/Matricula-Online/matricula/index.php(13): CApplication->run()
#3 {main}
REQUEST_URI=/Matricula-Online/matricula/js/jquery.min.map
---
2016/03/10 02:12:27 [error] [exception.CHttpException.404] CHttpException: No es posible resolver la solicitud "js/jquery.min.map" in /Users/Maritza/Sitios/Matricula-Online/framework/web/CWebApplication.php:286
Stack trace:
#0 /Users/Maritza/Sitios/Matricula-Online/framework/web/CWebApplication.php(141): CWebApplication->runController('js/jquery.min.m...')
#1 /Users/Maritza/Sitios/Matricula-Online/framework/base/CApplication.php(185): CWebApplication->processRequest()
#2 /Users/Maritza/Sitios/Matricula-Online/matricula/index.php(13): CApplication->run()
#3 {main}
REQUEST_URI=/Matricula-Online/matricula/js/jquery.min.map
---
2016/03/10 02:12:36 [error] [exception.CHttpException.404] CHttpException: No es posible resolver la solicitud "js/jquery.min.map" in /Users/Maritza/Sitios/Matricula-Online/framework/web/CWebApplication.php:286
Stack trace:
#0 /Users/Maritza/Sitios/Matricula-Online/framework/web/CWebApplication.php(141): CWebApplication->runController('js/jquery.min.m...')
#1 /Users/Maritza/Sitios/Matricula-Online/framework/base/CApplication.php(185): CWebApplication->processRequest()
#2 /Users/Maritza/Sitios/Matricula-Online/matricula/index.php(13): CApplication->run()
#3 {main}
REQUEST_URI=/Matricula-Online/matricula/js/jquery.min.map
---
2016/03/10 02:12:41 [error] [exception.CHttpException.404] CHttpException: No es posible resolver la solicitud "js/jquery.min.map" in /Users/Maritza/Sitios/Matricula-Online/framework/web/CWebApplication.php:286
Stack trace:
#0 /Users/Maritza/Sitios/Matricula-Online/framework/web/CWebApplication.php(141): CWebApplication->runController('js/jquery.min.m...')
#1 /Users/Maritza/Sitios/Matricula-Online/framework/base/CApplication.php(185): CWebApplication->processRequest()
#2 /Users/Maritza/Sitios/Matricula-Online/matricula/index.php(13): CApplication->run()
#3 {main}
REQUEST_URI=/Matricula-Online/matricula/js/jquery.min.map
---
2016/03/10 02:13:12 [error] [exception.CHttpException.404] CHttpException: No es posible resolver la solicitud "js/jquery.min.map" in /Users/Maritza/Sitios/Matricula-Online/framework/web/CWebApplication.php:286
Stack trace:
#0 /Users/Maritza/Sitios/Matricula-Online/framework/web/CWebApplication.php(141): CWebApplication->runController('js/jquery.min.m...')
#1 /Users/Maritza/Sitios/Matricula-Online/framework/base/CApplication.php(185): CWebApplication->processRequest()
#2 /Users/Maritza/Sitios/Matricula-Online/matricula/index.php(13): CApplication->run()
#3 {main}
REQUEST_URI=/Matricula-Online/matricula/js/jquery.min.map
---
2016/03/10 02:13:34 [error] [exception.CHttpException.404] CHttpException: No es posible resolver la solicitud "js/jquery.min.map" in /Users/Maritza/Sitios/Matricula-Online/framework/web/CWebApplication.php:286
Stack trace:
#0 /Users/Maritza/Sitios/Matricula-Online/framework/web/CWebApplication.php(141): CWebApplication->runController('js/jquery.min.m...')
#1 /Users/Maritza/Sitios/Matricula-Online/framework/base/CApplication.php(185): CWebApplication->processRequest()
#2 /Users/Maritza/Sitios/Matricula-Online/matricula/index.php(13): CApplication->run()
#3 {main}
REQUEST_URI=/Matricula-Online/matricula/js/jquery.min.map
---
2016/03/10 02:14:42 [error] [exception.CHttpException.400] CHttpException: Su solicitud es inválida. in /Users/Maritza/Sitios/Matricula-Online/framework/web/CController.php:1118
Stack trace:
#0 /Users/Maritza/Sitios/Matricula-Online/framework/web/filters/CInlineFilter.php(58): CController->filterPostOnly(Object(CFilterChain))
#1 /Users/Maritza/Sitios/Matricula-Online/framework/web/filters/CFilterChain.php(130): CInlineFilter->filter(Object(CFilterChain))
#2 /Users/Maritza/Sitios/Matricula-Online/framework/web/filters/CFilter.php(40): CFilterChain->run()
#3 /Users/Maritza/Sitios/Matricula-Online/framework/web/CController.php(1145): CFilter->filter(Object(CFilterChain))
#4 /Users/Maritza/Sitios/Matricula-Online/framework/web/filters/CInlineFilter.php(58): CController->filterAccessControl(Object(CFilterChain))
#5 /Users/Maritza/Sitios/Matricula-Online/framework/web/filters/CFilterChain.php(130): CInlineFilter->filter(Object(CFilterChain))
#6 /Users/Maritza/Sitios/Matricula-Online/framework/web/CController.php(291): CFilterChain->run()
#7 /Users/Maritza/Sitios/Matricula-Online/framework/web/CController.php(265): CController->runActionWithFilters(Object(CInlineAction), Array)
#8 /Users/Maritza/Sitios/Matricula-Online/framework/web/CWebApplication.php(282): CController->run('delete')
#9 /Users/Maritza/Sitios/Matricula-Online/framework/web/CWebApplication.php(141): CWebApplication->runController('carrera/delete')
#10 /Users/Maritza/Sitios/Matricula-Online/framework/base/CApplication.php(185): CWebApplication->processRequest()
#11 /Users/Maritza/Sitios/Matricula-Online/matricula/index.php(13): CApplication->run()
#12 {main}
REQUEST_URI=/Matricula-Online/matricula/carrera/delete/17
HTTP_REFERER=http://localhost/Matricula-Online/matricula/carrera/admin?Carrera_page=2
---
